<?xml version="1.0" encoding="utf-8"?><testsuites name="pytest tests"><testsuite name="pytest" errors="0" failures="0" skipped="0" tests="15" time="3.553" timestamp="2026-08-04T14:06:54.463224+00:00" hostname="agent-env-eff99d05-6c54-431b-a5dc-28ae9a70d55a"><testcase classname="backend.tests.test_iteration5.TestCheckinVisibility" name="test_checkin_public_returns_live_count_and_checked_in" time="0.520" /><testcase classname="backend.tests.test_iteration5.TestCheckinVisibility" name="test_checkin_toggles_off" time="0.065" /><testcase classname="backend.tests.test_iteration5.TestCheckinVisibility" name="test_checkin_anonymous_visibility_persisted" time="0.140" /><testcase classname="backend.tests.test_iteration5.TestCheckinVisibility" name="test_checkin_friends_visibility" time="0.197" /><testcase classname="backend.tests.test_iteration5.TestCheckinVisibility" name="test_checkin_requires_auth" time="0.125" /><testcase classname="backend.tests.test_iteration5.TestCapacity" name="test_capacity_full_returns_409" time="0.384" /><testcase classname="backend.tests.test_iteration5.TestParticipants" name="test_participants_requires_auth" time="0.220" /><testcase classname="backend.tests.test_iteration5.TestParticipants" name="test_participants_shape_and_count" time="0.256" /><testcase classname="backend.tests.test_iteration5.TestParticipants" name="test_anonymous_checkin_counted_and_placeholder_for_others" time="0.441" /><testcase classname="backend.tests.test_iteration5.TestIdentityVerification" name="test_patch_identity_verified_and_selfie" time="0.179" /><testcase classname="backend.tests.test_iteration5.TestIdentityVerification" name="test_patch_identity_reset" time="0.124" /><testcase classname="backend.tests.test_iteration5.TestCrewLeave" name="test_leave_crew_removes_member" time="0.249" /><testcase classname="backend.tests.test_iteration5.TestReviewsGate" name="test_review_requires_checkin" time="0.192" /><testcase classname="backend.tests.test_iteration5.TestReviewsGate" name="test_review_requires_auth" time="0.200" /><testcase classname="backend.tests.test_iteration5.TestReviewsGate" name="test_review_after_checkin_ok" time="0.186" /></testsuite></testsuites>