<?xml version="1.0" encoding="utf-8"?><testsuites name="pytest tests"><testsuite name="pytest" errors="0" failures="0" skipped="0" tests="13" time="2.066" timestamp="2026-07-24T08:14:21.165509+00:00" hostname="agent-env-eff99d05-6c54-431b-a5dc-28ae9a70d55a"><testcase classname="backend.tests.test_phase1_2.TestSeedAndCategories" name="test_13_events" time="0.166" /><testcase classname="backend.tests.test_phase1_2.TestSeedAndCategories" name="test_all_10_categories_present" time="0.000" /><testcase classname="backend.tests.test_phase1_2.TestSeedAndCategories" name="test_events_have_rating_and_capacity" time="0.000" /><testcase classname="backend.tests.test_phase1_2.TestSeedAndCategories" name="test_events_are_karlsruhe" time="0.000" /><testcase classname="backend.tests.test_phase1_2.TestSeedAndCategories" name="test_no_mongo_id_leak" time="0.000" /><testcase classname="backend.tests.test_phase1_2.TestReviews" name="test_reviews_get_public" time="0.130" /><testcase classname="backend.tests.test_phase1_2.TestReviews" name="test_review_requires_auth" time="0.089" /><testcase classname="backend.tests.test_phase1_2.TestReviews" name="test_review_requires_checkin_403" time="0.321" /><testcase classname="backend.tests.test_phase1_2.TestReviews" name="test_review_post_after_checkin_and_recompute" time="0.620" /><testcase classname="backend.tests.test_phase1_2.TestReviews" name="test_review_rating_clamped" time="0.099" /><testcase classname="backend.tests.test_phase1_2.TestProfile" name="test_profile_requires_auth" time="0.089" /><testcase classname="backend.tests.test_phase1_2.TestProfile" name="test_profile_birthdate_and_user_type" time="0.191" /><testcase classname="backend.tests.test_phase1_2.TestProfile" name="test_business_auto_verified" time="0.193" /></testsuite></testsuites>