<?xml version="1.0" encoding="utf-8"?><testsuites name="pytest tests"><testsuite name="pytest" errors="0" failures="0" skipped="0" tests="14" time="3.502" timestamp="2026-07-13T16:16:14.042285+00:00" hostname="agent-env-eff99d05-6c54-431b-a5dc-28ae9a70d55a"><testcase classname="backend.tests.test_new_features.TestProfile" name="test_patch_profile_requires_auth" time="0.320" /><testcase classname="backend.tests.test_new_features.TestProfile" name="test_patch_profile_updates_and_me_reflects" time="0.240" /><testcase classname="backend.tests.test_new_features.TestChat" name="test_get_messages_requires_auth" time="0.156" /><testcase classname="backend.tests.test_new_features.TestChat" name="test_post_messages_requires_auth" time="0.151" /><testcase classname="backend.tests.test_new_features.TestChat" name="test_messages_forbidden_without_checkin" time="0.198" /><testcase classname="backend.tests.test_new_features.TestChat" name="test_messages_after_checkin" time="0.216" /><testcase classname="backend.tests.test_new_features.TestStories" name="test_stories_get_public" time="0.163" /><testcase classname="backend.tests.test_new_features.TestStories" name="test_post_story_requires_auth" time="0.103" /><testcase classname="backend.tests.test_new_features.TestStories" name="test_post_story_requires_checkin" time="0.263" /><testcase classname="backend.tests.test_new_features.TestStories" name="test_post_story_ok_after_checkin_and_expires_in_24h" time="0.288" /><testcase classname="backend.tests.test_new_features.TestParticipants" name="test_participants_returns_count_and_list" time="0.220" /><testcase classname="backend.tests.test_new_features.TestCrews" name="test_crews_requires_auth" time="0.261" /><testcase classname="backend.tests.test_new_features.TestCrews" name="test_full_crew_flow" time="0.742" /><testcase classname="backend.tests.test_new_features.TestCrews" name="test_get_crew_not_member_404" time="0.099" /></testsuite></testsuites>