<?xml version="1.0" encoding="utf-8"?><testsuites name="pytest tests"><testsuite name="pytest" errors="0" failures="0" skipped="0" tests="16" time="0.245" timestamp="2026-07-15T12:00:04.590722+00:00" hostname="agent-env-eff99d05-6c54-431b-a5dc-28ae9a70d55a"><testcase classname="backend.tests.test_iteration3.TestKarlsruheSeed" name="test_seven_karlsruhe_venues" time="0.005" /><testcase classname="backend.tests.test_iteration3.TestKarlsruheSeed" name="test_events_have_required_fields" time="0.000" /><testcase classname="backend.tests.test_iteration3.TestKarlsruheSeed" name="test_recurring_events_have_labels" time="0.000" /><testcase classname="backend.tests.test_iteration3.TestKarlsruheSeed" name="test_deckzehn_next_occurrence_thursday_or_saturday_1800" time="0.000" /><testcase classname="backend.tests.test_iteration3.TestKarlsruheSeed" name="test_venus_bar_next_occurrence_friday_2000" time="0.000" /><testcase classname="backend.tests.test_iteration3.TestKarlsruheSeed" name="test_checkins_between_3_and_6" time="0.000" /><testcase classname="backend.tests.test_iteration3.TestKarlsruheSeed" name="test_participants_match_checkins" time="0.009" /><testcase classname="backend.tests.test_iteration3.TestSeedMessages" name="test_seed_messages_after_checkin" time="0.007" /><testcase classname="backend.tests.test_iteration3.TestSaves" name="test_save_requires_auth" time="0.002" /><testcase classname="backend.tests.test_iteration3.TestSaves" name="test_save_status_requires_auth" time="0.001" /><testcase classname="backend.tests.test_iteration3.TestSaves" name="test_my_saved_requires_auth" time="0.001" /><testcase classname="backend.tests.test_iteration3.TestSaves" name="test_my_attending_requires_auth" time="0.001" /><testcase classname="backend.tests.test_iteration3.TestSaves" name="test_save_toggle_and_list" time="0.083" /><testcase classname="backend.tests.test_iteration3.TestSaves" name="test_my_attending_returns_checked_in" time="0.007" /><testcase classname="backend.tests.test_iteration3.TestCreateEventNewFields" name="test_create_event_persists_new_fields" time="0.004" /><testcase classname="backend.tests.test_iteration3.TestPushRegister" name="test_register_push_returns_201" time="0.007" /></testsuite></testsuites>