<?xml version="1.0" encoding="utf-8"?><testsuites name="pytest tests"><testsuite name="pytest" errors="0" failures="0" skipped="0" tests="14" time="1.632" timestamp="2026-07-13T15:52:31.485052+00:00" hostname="agent-env-eff99d05-6c54-431b-a5dc-28ae9a70d55a"><testcase classname="backend.tests.test_localloop_api.TestAuth" name="test_dev_session_returns_user_and_token" time="0.322" /><testcase classname="backend.tests.test_localloop_api.TestAuth" name="test_auth_me_requires_token" time="0.047" /><testcase classname="backend.tests.test_localloop_api.TestAuth" name="test_auth_me_with_token" time="0.100" /><testcase classname="backend.tests.test_localloop_api.TestEvents" name="test_list_events_returns_seed" time="0.055" /><testcase classname="backend.tests.test_localloop_api.TestEvents" name="test_filter_by_category" time="0.055" /><testcase classname="backend.tests.test_localloop_api.TestEvents" name="test_filter_all" time="0.048" /><testcase classname="backend.tests.test_localloop_api.TestEvents" name="test_get_single_event" time="0.121" /><testcase classname="backend.tests.test_localloop_api.TestEvents" name="test_get_missing_event_404" time="0.055" /><testcase classname="backend.tests.test_localloop_api.TestEvents" name="test_create_event_requires_auth" time="0.050" /><testcase classname="backend.tests.test_localloop_api.TestEvents" name="test_create_event_and_appears_in_list" time="0.096" /><testcase classname="backend.tests.test_localloop_api.TestCheckin" name="test_checkin_requires_auth" time="0.096" /><testcase classname="backend.tests.test_localloop_api.TestCheckin" name="test_checkin_status_requires_auth" time="0.134" /><testcase classname="backend.tests.test_localloop_api.TestCheckin" name="test_checkin_toggle_increments_and_decrements" time="0.339" /><testcase classname="backend.tests.test_localloop_api.TestCheckin" name="test_checkin_missing_event_404" time="0.050" /></testsuite></testsuites>